SF:lib/src/cubits/network_cubit.dart
DA:8,5
DA:20,10
DA:24,5
DA:25,5
DA:27,10
DA:28,10
DA:30,6
DA:32,4
LF:8
LH:8
end_of_record
SF:lib/src/cubits/tasks_cubit.dart
DA:5,8
DA:6,4
DA:11,16
DA:13,8
LF:4
LH:4
end_of_record
SF:lib/src/cubits/theme_cubit.dart
DA:5,6
DA:7,1
DA:8,2
DA:9,1
DA:12,2
LF:5
LH:5
end_of_record
SF:lib/src/views/details_page.dart
DA:12,0
DA:16,1
DA:18,1
DA:19,1
DA:21,1
DA:23,1
DA:24,1
DA:25,1
DA:26,0
DA:28,1
DA:33,1
DA:35,1
DA:36,1
DA:37,1
DA:39,1
DA:40,1
DA:41,4
DA:42,3
DA:47,1
DA:49,1
DA:50,1
DA:51,1
DA:52,1
DA:58,1
DA:60,1
DA:61,3
DA:62,3
DA:63,3
LF:28
LH:26
end_of_record
SF:lib/src/widgets/section_card.dart
DA:4,2
DA:13,3
DA:15,3
DA:17,3
DA:19,3
DA:21,3
DA:22,3
DA:23,3
DA:24,3
DA:25,3
DA:26,3
DA:27,12
DA:30,3
LF:13
LH:13
end_of_record
SF:lib/src/views/home_page.dart
DA:13,0
DA:17,3
DA:19,3
DA:20,3
DA:22,3
DA:23,3
DA:25,3
DA:28,3
DA:30,0
DA:35,3
DA:36,3
DA:37,3
DA:38,3
DA:39,12
DA:40,9
DA:46,3
DA:48,3
DA:49,3
DA:61,3
DA:62,3
DA:67,2
DA:77,1
DA:79,3
DA:81,3
DA:82,3
DA:83,3
DA:86,3
DA:88,3
DA:89,6
DA:90,3
DA:91,4
DA:92,3
DA:93,3
DA:94,9
DA:96,6
DA:99,3
DA:107,1
DA:109,3
DA:111,3
DA:112,3
DA:113,3
DA:117,3
DA:118,1
DA:120,1
DA:121,4
DA:122,1
DA:123,1
DA:124,3
DA:127,1
DA:130,0
DA:136,3
DA:141,3
DA:143,3
DA:144,3
DA:146,3
DA:147,12
DA:148,12
DA:149,3
DA:150,6
DA:152,7
DA:157,3
DA:158,3
DA:159,9
DA:169,3
DA:171,3
DA:172,3
DA:174,3
DA:175,3
DA:176,3
DA:177,3
DA:178,9
DA:179,9
DA:185,3
DA:186,3
DA:187,9
DA:189,3
DA:190,3
DA:192,3
DA:193,9
DA:195,3
DA:197,6
LF:81
LH:78
end_of_record
SF:lib/src/app.dart
DA:14,2
DA:18,2
DA:20,2
DA:22,2
DA:23,2
DA:26,2
DA:28,2
DA:31,1
DA:36,6
DA:38,2
DA:39,2
DA:40,10
DA:41,6
DA:42,2
DA:43,6
DA:46,2
DA:47,2
DA:48,2
DA:51,2
DA:52,2
LF:20
LH:20
end_of_record
